#
# There is insufficient memory for the Java Runtime Environment to continue.
# Native memory allocation (malloc) failed to allocate 148560 bytes for Chunk::new
# Possible reasons:
#   The system is out of physical RAM or swap space
#   In 32 bit mode, the process size limit was hit
# Possible solutions:
#   Reduce memory load on the system
#   Increase physical memory or swap space
#   Check if swap backing store is full
#   Use 64 bit Java on a 64 bit OS
#   Decrease Java heap size (-Xmx/-Xms)
#   Decrease number of Java threads
#   Decrease Java thread stack sizes (-Xss)
#   Set larger code cache with -XX:ReservedCodeCacheSize=
# This output file may be truncated or incomplete.
#
#  Out of Memory Error (allocation.cpp:390), pid=24152, tid=0x00000000000021c4
#
# JRE version: OpenJDK Runtime Environment (8.0_152-b02) (build 1.8.0_152-release-1024-b02)
# Java VM: OpenJDK 64-Bit Server VM (25.152-b02 mixed mode windows-amd64 compressed oops)
# Failed to write core dump. Minidumps are not enabled by default on client versions of Windows
#

---------------  T H R E A D  ---------------

Current thread (0x000000001a985000):  JavaThread "C2 CompilerThread2" daemon [_thread_in_native, id=8644, stack(0x000000001b370000,0x000000001b470000)]

Stack: [0x000000001b370000,0x000000001b470000]
[error occurred during error reporting (printing stack bounds), id 0xc0000005]

Native frames: (J=compiled Java code, j=interpreted, Vv=VM code, C=native code)


Current CompileTask:
C2:  11313 2070   !   4       java.net.URL::<init> (543 bytes)


---------------  P R O C E S S  ---------------

Java Threads: ( => current thread )
  0x000000001f557000 JavaThread "Cache worker for file hash cache (D:\Cours\4eme_annee\Gestion_de_projet_Cabantous\Live_ATP\Live_ATP_Mobile\.gradle\4.4\fileHashes)" [_thread_blocked, id=4808, stack(0x0000000020480000,0x0000000020580000)]
  0x000000001bc55800 JavaThread "File lock request listener" [_thread_in_native, id=13872, stack(0x000000001f3b0000,0x000000001f4b0000)]
  0x000000001baa9000 JavaThread "Cache worker for file hash cache (C:\Users\cesar\.gradle\caches\4.4\fileHashes)" [_thread_blocked, id=12076, stack(0x000000001f2b0000,0x000000001f3b0000)]
  0x000000001bcae800 JavaThread "Stdin handler" [_thread_blocked, id=21692, stack(0x000000001dee0000,0x000000001dfe0000)]
  0x000000001bcae000 JavaThread "Asynchronous log dispatcher for DefaultDaemonConnection: socket connection from /127.0.0.1:57146 to /127.0.0.1:57147" [_thread_blocked, id=13792, stack(0x000000001dde0000,0x000000001dee0000)]
  0x000000001bf12800 JavaThread "Daemon worker" [_thread_in_Java, id=21560, stack(0x000000001dce0000,0x000000001dde0000)]
  0x000000001bf11000 JavaThread "Cancel handler" [_thread_blocked, id=24264, stack(0x000000001dbe0000,0x000000001dce0000)]
  0x000000001ac5c000 JavaThread "Handler for socket connection from /127.0.0.1:57146 to /127.0.0.1:57147" [_thread_in_native, id=4660, stack(0x000000001d8e0000,0x000000001d9e0000)]
  0x000000001ab99800 JavaThread "Daemon" [_thread_blocked, id=14152, stack(0x000000001d7e0000,0x000000001d8e0000)]
  0x000000001ab75000 JavaThread "Daemon periodic checks" [_thread_blocked, id=600, stack(0x000000001d6e0000,0x000000001d7e0000)]
  0x000000001bf16800 JavaThread "Incoming local TCP Connector on port 57146" [_thread_in_native, id=13684, stack(0x000000001d480000,0x000000001d580000)]
  0x000000001aa2e800 JavaThread "Service Thread" daemon [_thread_blocked, id=17760, stack(0x000000001b570000,0x000000001b670000)]
  0x0000000018a7d000 JavaThread "C1 CompilerThread3" daemon [_thread_in_native, id=12276, stack(0x000000001b470000,0x000000001b570000)]
=>0x000000001a985000 JavaThread "C2 CompilerThread2" daemon [_thread_in_native, id=8644, stack(0x000000001b370000,0x000000001b470000)]
  0x000000001a983800 JavaThread "C2 CompilerThread1" daemon [_thread_in_native, id=25308, stack(0x000000001b270000,0x000000001b370000)]
  0x000000001a97d800 JavaThread "C2 CompilerThread0" daemon [_thread_in_native, id=13976, stack(0x000000001b170000,0x000000001b270000)]
  0x000000001a97c000 JavaThread "Attach Listener" daemon [_thread_blocked, id=22400, stack(0x000000001b070000,0x000000001b170000)]
  0x000000001a97b000 JavaThread "Signal Dispatcher" daemon [_thread_blocked, id=17324, stack(0x000000001af70000,0x000000001b070000)]
  0x0000000004cae000 JavaThread "Finalizer" daemon [_thread_blocked, id=24088, stack(0x000000001ad50000,0x000000001ae50000)]
  0x0000000004ca7000 JavaThread "Reference Handler" daemon [_thread_blocked, id=4692, stack(0x000000001a850000,0x000000001a950000)]
  0x0000000004aae000 JavaThread "main" [_thread_blocked, id=3220, stack(0x0000000004ab0000,0x0000000004bb0000)]

Other Threads:
  0x0000000018a67000 VMThread [stack: 0x000000001a750000,0x000000001a850000] [id=20472]
  0x000000001aa2f000 WatcherThread [stack: 0x000000001b670000,0x000000001b770000] [id=9540]

VM state:not at safepoint (normal execution)

VM Mutex/Monitor currently owned by a thread: None

Heap:
 PSYoungGen      total 76288K, used 59783K [0x00000000e0000000, 0x00000000e5500000, 0x0000000100000000)
  eden space 65536K, 91% used [0x00000000e0000000,0x00000000e3a61ca0,0x00000000e4000000)
  from space 10752K, 0% used [0x00000000e4000000,0x00000000e4000000,0x00000000e4a80000)
  to   space 10752K, 0% used [0x00000000e4a80000,0x00000000e4a80000,0x00000000e5500000)
 ParOldGen       total 102912K, used 8523K [0x00000000a0000000, 0x00000000a6480000, 0x00000000e0000000)
  object space 102912K, 8% used [0x00000000a0000000,0x00000000a0852f48,0x00000000a6480000)
 Metaspace       used 26476K, capacity 27018K, committed 27136K, reserved 1073152K
  class space    used 3621K, capacity 3799K, committed 3840K, reserved 1048576K

Card table byte_map: [0x0000000014070000,0x0000000014380000] byte_map_base: 0x0000000013b70000

Marking Bits: (ParMarkBitMap*) 0x0000000053844970
 Begin Bits: [0x0000000014d80000, 0x0000000016580000)
 End Bits:   [0x0000000016580000, 0x0000000017d80000)

Polling page: 0x0000000003230000

CodeCache: size=245760Kb used=7864Kb max_used=7869Kb free=237895Kb
 bounds [0x0000000004cb0000, 0x0000000005470000, 0x0000000013cb0000]
 total_blobs=2599 nmethods=1955 adapters=557
 compilation: enabled

Compilation events (10 events):
Event: 11.270 Thread 0x0000000018a7d000 2080       3       org.codehaus.plexus.util.xml.pull.MXParser::setName (7 bytes)
Event: 11.270 Thread 0x0000000018a7d000 nmethod 2080 0x0000000005460790 code [0x0000000005460900, 0x0000000005460ad0]
Event: 11.271 Thread 0x0000000018a7d000 2081       3       org.codehaus.plexus.util.xml.pull.MXParser::more (79 bytes)
Event: 11.271 Thread 0x0000000018a7d000 nmethod 2081 0x0000000005460250 code [0x00000000054603c0, 0x0000000005460688]
Event: 11.273 Thread 0x0000000018a7d000 2082       3       org.codehaus.plexus.util.xml.pull.MXParser::newString (11 bytes)
Event: 11.273 Thread 0x0000000018a7d000 nmethod 2082 0x000000000545fd90 code [0x000000000545ff00, 0x00000000054600e8]
Event: 11.273 Thread 0x000000001a97d800 2083       4       org.codehaus.plexus.util.xml.pull.MXParser::more (79 bytes)
Event: 11.274 Thread 0x000000001a97d800 nmethod 2083 0x0000000005464d50 code [0x0000000005464e80, 0x0000000005464f58]
Event: 11.291 Thread 0x0000000018a7d000 2084       3       org.gradle.internal.service.DefaultServiceRegistry::get (6 bytes)
Event: 11.291 Thread 0x0000000018a7d000 nmethod 2084 0x0000000005462910 code [0x0000000005462a80, 0x0000000005462c08]

GC Heap History (8 events):
Event: 6.381 GC heap before
{Heap before GC invocations=1 (full 0):
 PSYoungGen      total 76288K, used 65536K [0x00000000e0000000, 0x00000000e5500000, 0x0000000100000000)
  eden space 65536K, 100% used [0x00000000e0000000,0x00000000e4000000,0x00000000e4000000)
  from space 10752K, 0% used [0x00000000e4a80000,0x00000000e4a80000,0x00000000e5500000)
  to   space 10752K, 0% used [0x00000000e4000000,0x00000000e4000000,0x00000000e4a80000)
 ParOldGen       total 175104K, used 0K [0x00000000a0000000, 0x00000000aab00000, 0x00000000e0000000)
  object space 175104K, 0% used [0x00000000a0000000,0x00000000a0000000,0x00000000aab00000)
 Metaspace       used 10687K, capacity 11016K, committed 11264K, reserved 1058816K
  class space    used 1403K, capacity 1522K, committed 1536K, reserved 1048576K
Event: 6.406 GC heap after
Heap after GC invocations=1 (full 0):
 PSYoungGen      total 76288K, used 7613K [0x00000000e0000000, 0x00000000e5500000, 0x0000000100000000)
  eden space 65536K, 0% used [0x00000000e0000000,0x00000000e0000000,0x00000000e4000000)
  from space 10752K, 70% used [0x00000000e4000000,0x00000000e476f7c0,0x00000000e4a80000)
  to   space 10752K, 0% used [0x00000000e4a80000,0x00000000e4a80000,0x00000000e5500000)
 ParOldGen       total 175104K, used 16K [0x00000000a0000000, 0x00000000aab00000, 0x00000000e0000000)
  object space 175104K, 0% used [0x00000000a0000000,0x00000000a0004000,0x00000000aab00000)
 Metaspace       used 10687K, capacity 11016K, committed 11264K, reserved 1058816K
  class space    used 1403K, capacity 1522K, committed 1536K, reserved 1048576K
}
Event: 8.309 GC heap before
{Heap before GC invocations=2 (full 0):
 PSYoungGen      total 76288K, used 73149K [0x00000000e0000000, 0x00000000e5500000, 0x0000000100000000)
  eden space 65536K, 100% used [0x00000000e0000000,0x00000000e4000000,0x00000000e4000000)
  from space 10752K, 70% used [0x00000000e4000000,0x00000000e476f7c0,0x00000000e4a80000)
  to   space 10752K, 0% used [0x00000000e4a80000,0x00000000e4a80000,0x00000000e5500000)
 ParOldGen       total 175104K, used 16K [0x00000000a0000000, 0x00000000aab00000, 0x00000000e0000000)
  object space 175104K, 0% used [0x00000000a0000000,0x00000000a0004000,0x00000000aab00000)
 Metaspace       used 16931K, capacity 17358K, committed 17536K, reserved 1064960K
  class space    used 2437K, capacity 2579K, committed 2688K, reserved 1048576K
Event: 8.321 GC heap after
Heap after GC invocations=2 (full 0):
 PSYoungGen      total 76288K, used 10619K [0x00000000e0000000, 0x00000000e5500000, 0x0000000100000000)
  eden space 65536K, 0% used [0x00000000e0000000,0x00000000e0000000,0x00000000e4000000)
  from space 10752K, 98% used [0x00000000e4a80000,0x00000000e54ded60,0x00000000e5500000)
  to   space 10752K, 0% used [0x00000000e4000000,0x00000000e4000000,0x00000000e4a80000)
 ParOldGen       total 175104K, used 24K [0x00000000a0000000, 0x00000000aab00000, 0x00000000e0000000)
  object space 175104K, 0% used [0x00000000a0000000,0x00000000a0006000,0x00000000aab00000)
 Metaspace       used 16931K, capacity 17358K, committed 17536K, reserved 1064960K
  class space    used 2437K, capacity 2579K, committed 2688K, reserved 1048576K
}
Event: 9.486 GC heap before
{Heap before GC invocations=3 (full 0):
 PSYoungGen      total 76288K, used 30902K [0x00000000e0000000, 0x00000000e5500000, 0x0000000100000000)
  eden space 65536K, 30% used [0x00000000e0000000,0x00000000e13cecd0,0x00000000e4000000)
  from space 10752K, 98% used [0x00000000e4a80000,0x00000000e54ded60,0x00000000e5500000)
  to   space 10752K, 0% used [0x00000000e4000000,0x00000000e4000000,0x00000000e4a80000)
 ParOldGen       total 175104K, used 24K [0x00000000a0000000, 0x00000000aab00000, 0x00000000e0000000)
  object space 175104K, 0% used [0x00000000a0000000,0x00000000a0006000,0x00000000aab00000)
 Metaspace       used 20798K, capacity 21200K, committed 21248K, reserved 1067008K
  class space    used 2900K, capacity 3042K, committed 3072K, reserved 1048576K
Event: 9.509 GC heap after
Heap after GC invocations=3 (full 0):
 PSYoungGen      total 76288K, used 8783K [0x00000000e0000000, 0x00000000e5500000, 0x0000000100000000)
  eden space 65536K, 0% used [0x00000000e0000000,0x00000000e0000000,0x00000000e4000000)
  from space 10752K, 81% used [0x00000000e4000000,0x00000000e4893c80,0x00000000e4a80000)
  to   space 10752K, 0% used [0x00000000e4a80000,0x00000000e4a80000,0x00000000e5500000)
 ParOldGen       total 175104K, used 32K [0x00000000a0000000, 0x00000000aab00000, 0x00000000e0000000)
  object space 175104K, 0% used [0x00000000a0000000,0x00000000a0008000,0x00000000aab00000)
 Metaspace       used 20798K, capacity 21200K, committed 21248K, reserved 1067008K
  class space    used 2900K, capacity 3042K, committed 3072K, reserved 1048576K
}
Event: 9.509 GC heap before
{Heap before GC invocations=4 (full 1):
 PSYoungGen      total 76288K, used 8783K [0x00000000e0000000, 0x00000000e5500000, 0x0000000100000000)
  eden space 65536K, 0% used [0x00000000e0000000,0x00000000e0000000,0x00000000e4000000)
  from space 10752K, 81% used [0x00000000e4000000,0x00000000e4893c80,0x00000000e4a80000)
  to   space 10752K, 0% used [0x00000000e4a80000,0x00000000e4a80000,0x00000000e5500000)
 ParOldGen       total 175104K, used 32K [0x00000000a0000000, 0x00000000aab00000, 0x00000000e0000000)
  object space 175104K, 0% used [0x00000000a0000000,0x00000000a0008000,0x00000000aab00000)
 Metaspace       used 20798K, capacity 21200K, committed 21248K, reserved 1067008K
  class space    used 2900K, capacity 3042K, committed 3072K, reserved 1048576K
Event: 9.577 GC heap after
Heap after GC invocations=4 (full 1):
 PSYoungGen      total 76288K, used 0K [0x00000000e0000000, 0x00000000e5500000, 0x0000000100000000)
  eden space 65536K, 0% used [0x00000000e0000000,0x00000000e0000000,0x00000000e4000000)
  from space 10752K, 0% used [0x00000000e4000000,0x00000000e4000000,0x00000000e4a80000)
  to   space 10752K, 0% used [0x00000000e4a80000,0x00000000e4a80000,0x00000000e5500000)
 ParOldGen       total 102912K, used 8523K [0x00000000a0000000, 0x00000000a6480000, 0x00000000e0000000)
  object space 102912K, 8% used [0x00000000a0000000,0x00000000a0852f48,0x00000000a6480000)
 Metaspace       used 20798K, capacity 21200K, committed 21248K, reserved 1067008K
  class space    used 2900K, capacity 3042K, committed 3072K, reserved 1048576K
}

Deoptimization events (10 events):
Event: 10.511 Thread 0x000000001bf12800 Uncommon trap: reason=unstable_if action=reinterpret pc=0x00000000050e1a2c method=java.util.HashMap.putVal(ILjava/lang/Object;Ljava/lang/Object;ZZ)Ljava/lang/Object; @ 85
Event: 10.562 Thread 0x000000001bf12800 Uncommon trap: reason=class_check action=maybe_recompile pc=0x0000000004f13940 method=java.lang.reflect.Method.equals(Ljava/lang/Object;)Z @ 5
Event: 10.563 Thread 0x000000001bf12800 Uncommon trap: reason=class_check action=maybe_recompile pc=0x0000000004f13940 method=java.lang.reflect.Method.equals(Ljava/lang/Object;)Z @ 5
Event: 10.664 Thread 0x000000001bf12800 Uncommon trap: reason=unstable_if action=reinterpret pc=0x0000000004f48db0 method=java.util.LinkedHashMap.afterNodeInsertion(Z)V @ 1
Event: 10.788 Thread 0x000000001bf12800 Uncommon trap: reason=class_check action=maybe_recompile pc=0x0000000004f13940 method=java.lang.reflect.Method.equals(Ljava/lang/Object;)Z @ 5
Event: 10.788 Thread 0x000000001bf12800 Uncommon trap: reason=class_check action=maybe_recompile pc=0x0000000004f13940 method=java.lang.reflect.Method.equals(Ljava/lang/Object;)Z @ 5
Event: 11.112 Thread 0x000000001bf12800 Uncommon trap: reason=class_check action=maybe_recompile pc=0x0000000004e82704 method=sun.misc.URLClassPath.getLoader(I)Lsun/misc/URLClassPath$Loader; @ 94
Event: 11.118 Thread 0x000000001bf12800 Uncommon trap: reason=class_check action=maybe_recompile pc=0x0000000004e7b450 method=sun.misc.URLClassPath.getLoader(I)Lsun/misc/URLClassPath$Loader; @ 239
Event: 11.227 Thread 0x000000001bf12800 Uncommon trap: reason=unstable_if action=reinterpret pc=0x000000000541b034 method=java.io.BufferedInputStream.read([BII)I @ 31
Event: 11.275 Thread 0x000000001bf12800 Uncommon trap: reason=unstable_if action=reinterpret pc=0x0000000004f2018c method=java.io.WinNTFileSystem.resolve(Ljava/lang/String;Ljava/lang/String;)Ljava/lang/String; @ 49

Classes redefined (0 events):
No events

Internal exceptions (10 events):
Event: 11.119 Thread 0x000000001bf12800 Exception <a 'java/lang/ClassNotFoundException': org/gradle/api/internal/project/ProjectScriptCustomizer> (0x00000000e3080f00) thrown at [D:\src\AOSP-openjdk-cygwin\jdk8u\hotspot\src\share\vm\classfile\systemDictionary.cpp, line 210]
Event: 11.120 Thread 0x000000001bf12800 Exception <a 'java/lang/ClassNotFoundException': build_eootod1r5q6zx02eafv8opbvyCustomizer> (0x00000000e309fe80) thrown at [D:\src\AOSP-openjdk-cygwin\jdk8u\hotspot\src\share\vm\classfile\systemDictionary.cpp, line 210]
Event: 11.131 Thread 0x000000001bf12800 Exception <a 'java/lang/ClassNotFoundException': groovy/lang/Closure$1BeanInfo> (0x00000000e3195130) thrown at [D:\src\AOSP-openjdk-cygwin\jdk8u\hotspot\src\share\vm\classfile\systemDictionary.cpp, line 210]
Event: 11.132 Thread 0x000000001bf12800 Exception <a 'java/lang/ClassNotFoundException': groovy/lang/ClosureBeanInfo> (0x00000000e31ae258) thrown at [D:\src\AOSP-openjdk-cygwin\jdk8u\hotspot\src\share\vm\classfile\systemDictionary.cpp, line 210]
Event: 11.132 Thread 0x000000001bf12800 Exception <a 'java/lang/ClassNotFoundException': groovy/lang/ClosureCustomizer> (0x00000000e31c7b58) thrown at [D:\src\AOSP-openjdk-cygwin\jdk8u\hotspot\src\share\vm\classfile\systemDictionary.cpp, line 210]
Event: 11.134 Thread 0x000000001bf12800 Exception <a 'java/lang/ClassNotFoundException': groovy/lang/Closure$1Customizer> (0x00000000e32085b8) thrown at [D:\src\AOSP-openjdk-cygwin\jdk8u\hotspot\src\share\vm\classfile\systemDictionary.cpp, line 210]
Event: 11.183 Thread 0x000000001bf12800 Exception <a 'java/lang/ClassNotFoundException': org/gradle/internal/metaobject/ConfigureDelegateBeanInfo> (0x00000000e342f2a0) thrown at [D:\src\AOSP-openjdk-cygwin\jdk8u\hotspot\src\share\vm\classfile\systemDictionary.cpp, line 210]
Event: 11.183 Thread 0x000000001bf12800 Exception <a 'java/lang/ClassNotFoundException': org/gradle/internal/metaobject/ConfigureDelegateCustomizer> (0x00000000e34543e8) thrown at [D:\src\AOSP-openjdk-cygwin\jdk8u\hotspot\src\share\vm\classfile\systemDictionary.cpp, line 210]
Event: 11.194 Thread 0x000000001bf12800 Exception <a 'java/lang/ClassNotFoundException': org/gradle/api/internal/initialization/DefaultScriptHandlerBeanInfo> (0x00000000e34c34b0) thrown at [D:\src\AOSP-openjdk-cygwin\jdk8u\hotspot\src\share\vm\classfile\systemDictionary.cpp, line 210]
Event: 11.195 Thread 0x000000001bf12800 Exception <a 'java/lang/ClassNotFoundException': org/gradle/api/internal/initialization/DefaultScriptHandlerCustomizer> (0x00000000e34eedf8) thrown at [D:\src\AOSP-openjdk-cygwin\jdk8u\hotspot\src\share\vm\classfile\systemDictionary.cpp, line 210]

Events (10 events):
Event: 11.295 loading class org/gradle/api/internal/artifacts/ivyservice/ivyresolve/parser/AbstractModuleDescriptorParser
Event: 11.295 loading class org/gradle/api/internal/artifacts/ivyservice/ivyresolve/parser/AbstractModuleDescriptorParser done
Event: 11.296 loading class org/gradle/api/internal/artifacts/ivyservice/ivyresolve/parser/MetaDataParseException
Event: 11.296 loading class org/gradle/api/internal/artifacts/ivyservice/ivyresolve/parser/MetaDataParseException done
Event: 11.297 loading class org/gradle/api/artifacts/VersionConstraint
Event: 11.297 loading class org/gradle/api/artifacts/VersionConstraint done
Event: 11.298 loading class org/gradle/internal/component/external/model/ModuleDependencyMetadata
Event: 11.298 loading class org/gradle/internal/component/external/model/ModuleDependencyMetadata done
Event: 11.299 loading class org/gradle/internal/component/model/DependencyMetadata
Event: 11.299 loading class org/gradle/internal/component/model/DependencyMetadata done


Dynamic libraries:
0x00007ff64d480000 - 0x00007ff64d4b1000 	D:\Logiciels\Android Studio\jre\bin\java.exe
0x00007ffe536f0000 - 0x00007ffe538d0000 	C:\WINDOWS\SYSTEM32\ntdll.dll
0x00007ffe512f0000 - 0x00007ffe5139e000 	C:\WINDOWS\System32\KERNEL32.DLL
0x00007ffe504e0000 - 0x00007ffe50746000 	C:\WINDOWS\System32\KERNELBASE.dll
0x00007ffe513a0000 - 0x00007ffe51441000 	C:\WINDOWS\System32\ADVAPI32.dll
0x00007ffe51d50000 - 0x00007ffe51ded000 	C:\WINDOWS\System32\msvcrt.dll
0x00007ffe51ba0000 - 0x00007ffe51bfb000 	C:\WINDOWS\System32\sechost.dll
0x00007ffe51f80000 - 0x00007ffe5209f000 	C:\WINDOWS\System32\RPCRT4.dll
0x00007ffe51450000 - 0x00007ffe515df000 	C:\WINDOWS\System32\USER32.dll
0x00007ffe50af0000 - 0x00007ffe50b10000 	C:\WINDOWS\System32\win32u.dll
0x00007ffe51ea0000 - 0x00007ffe51ec8000 	C:\WINDOWS\System32\GDI32.dll
0x00007ffe4faf0000 - 0x00007ffe4fc83000 	C:\WINDOWS\System32\gdi32full.dll
0x00007ffe50750000 - 0x00007ffe507eb000 	C:\WINDOWS\System32\msvcp_win.dll
0x00007ffe4fc90000 - 0x00007ffe4fd86000 	C:\WINDOWS\System32\ucrtbase.dll
0x00007ffe43d30000 - 0x00007ffe43f99000 	C:\WINDOWS\WinSxS\amd64_microsoft.windows.common-controls_6595b64144ccf1df_6.0.16299.431_none_15c7d3ee93659e73\COMCTL32.dll
0x00007ffe50c20000 - 0x00007ffe50f28000 	C:\WINDOWS\System32\combase.dll
0x00007ffe509c0000 - 0x00007ffe50a32000 	C:\WINDOWS\System32\bcryptPrimitives.dll
0x00007ffe51cc0000 - 0x00007ffe51ced000 	C:\WINDOWS\System32\IMM32.DLL
0x0000000052e50000 - 0x0000000052f22000 	D:\Logiciels\Android Studio\jre\jre\bin\msvcr100.dll
0x0000000053080000 - 0x00000000538bf000 	D:\Logiciels\Android Studio\jre\jre\bin\server\jvm.dll
0x00007ffe51ed0000 - 0x00007ffe51ed8000 	C:\WINDOWS\System32\PSAPI.DLL
0x00007ffe4e6e0000 - 0x00007ffe4e6e9000 	C:\WINDOWS\SYSTEM32\WSOCK32.dll
0x00007ffe4b770000 - 0x00007ffe4b793000 	C:\WINDOWS\SYSTEM32\WINMM.dll
0x00007ffe48fa0000 - 0x00007ffe48faa000 	C:\WINDOWS\SYSTEM32\VERSION.dll
0x00007ffe52100000 - 0x00007ffe5216c000 	C:\WINDOWS\System32\ws2_32.DLL
0x00007ffe4b700000 - 0x00007ffe4b72a000 	C:\WINDOWS\SYSTEM32\winmmbase.dll
0x00007ffe50aa0000 - 0x00007ffe50aea000 	C:\WINDOWS\System32\cfgmgr32.dll
0x00007ffe473f0000 - 0x00007ffe473ff000 	D:\Logiciels\Android Studio\jre\jre\bin\verify.dll
0x00007ffe36d30000 - 0x00007ffe36d59000 	D:\Logiciels\Android Studio\jre\jre\bin\java.dll
0x00007ffe472f0000 - 0x00007ffe47306000 	D:\Logiciels\Android Studio\jre\jre\bin\zip.dll
0x00007ffe52170000 - 0x00007ffe535a8000 	C:\WINDOWS\System32\SHELL32.dll
0x00007ffe51c10000 - 0x00007ffe51cb6000 	C:\WINDOWS\System32\shcore.dll
0x00007ffe4fd90000 - 0x00007ffe504d7000 	C:\WINDOWS\System32\windows.storage.dll
0x00007ffe50bc0000 - 0x00007ffe50c11000 	C:\WINDOWS\System32\shlwapi.dll
0x00007ffe4fa60000 - 0x00007ffe4fa71000 	C:\WINDOWS\System32\kernel.appcore.dll
0x00007ffe4faa0000 - 0x00007ffe4faec000 	C:\WINDOWS\System32\powrprof.dll
0x00007ffe4fa40000 - 0x00007ffe4fa5b000 	C:\WINDOWS\System32\profapi.dll
0x00007ffe46c60000 - 0x00007ffe46c7a000 	D:\Logiciels\Android Studio\jre\jre\bin\net.dll
0x00007ffe4f2d0000 - 0x00007ffe4f336000 	C:\WINDOWS\system32\mswsock.dll
0x00007ffe3cc20000 - 0x00007ffe3cc31000 	D:\Logiciels\Android Studio\jre\jre\bin\nio.dll
0x00007ffe38cf0000 - 0x00007ffe38d0e000 	C:\Users\cesar\.gradle\native\25\windows-amd64\native-platform.dll
0x00007ffe4bc30000 - 0x00007ffe4bc3d000 	D:\Logiciels\Android Studio\jre\jre\bin\management.dll
0x00007ffe4f490000 - 0x00007ffe4f4a7000 	C:\WINDOWS\SYSTEM32\CRYPTSP.dll
0x00007ffe4eed0000 - 0x00007ffe4ef03000 	C:\WINDOWS\system32\rsaenh.dll
0x00007ffe4f5a0000 - 0x00007ffe4f5c5000 	C:\WINDOWS\SYSTEM32\bcrypt.dll
0x00007ffe4f970000 - 0x00007ffe4f999000 	C:\WINDOWS\SYSTEM32\USERENV.dll
0x00007ffe4f4b0000 - 0x00007ffe4f4bb000 	C:\WINDOWS\SYSTEM32\CRYPTBASE.dll
0x00007ffe4f060000 - 0x00007ffe4f099000 	C:\WINDOWS\SYSTEM32\IPHLPAPI.DLL
0x00007ffe51c00000 - 0x00007ffe51c08000 	C:\WINDOWS\System32\NSI.dll
0x00007ffe49960000 - 0x00007ffe49976000 	C:\WINDOWS\SYSTEM32\dhcpcsvc6.DLL
0x00007ffe49730000 - 0x00007ffe4974a000 	C:\WINDOWS\SYSTEM32\dhcpcsvc.DLL

VM Arguments:
jvm_args: -Xmx1536m -Dfile.encoding=windows-1252 -Duser.country=FR -Duser.language=fr -Duser.variant 
java_command: org.gradle.launcher.daemon.bootstrap.GradleDaemon 4.4
java_class_path (initial): C:\Users\cesar\.gradle\wrapper\dists\gradle-4.4-all\9br9xq1tocpiv8o6njlyu5op1\gradle-4.4\lib\gradle-launcher-4.4.jar
Launcher Type: SUN_STANDARD

Environment Variables:
JAVA_HOME=C:\Program Files (x86)\Java\jdk1.8.0_131
PATH=C:\Program Files (x86)\Apache\maven\bin;C:\ProgramData\Oracle\Java\javapath;D:\Oracle\product\11.2.0\dbhome_1\bin;C:\WINDOWS\system32;C:\WINDOWS;C:\WINDOWS\System32\Wbem;C:\WINDOWS\System32\WindowsPowerShell\v1.0\;C:\Program Files (x86)\GtkSharp\2.12\bin;C:\Program Files\Microsoft SQL Server\130\Tools\Binn\;C:\Program Files\dotnet\;C:\Program Files\PuTTY\;C:\Program Files\nodejs\;C:\Program Files (x86)\NVIDIA Corporation\PhysX\Common;D:\Logiciels\Microchip\xc8\bin;C:\WINDOWS\system32;C:\WINDOWS;C:\WINDOWS\System32\Wbem;C:\WINDOWS\System32\WindowsPowerShell\v1.0\;D:\Logiciels\Gecode\bin\;C:\Users\cesar\AppData\Local\Microsoft\WindowsApps;C:\Users\cesar\AppData\Roaming\npm;C:\Program Files\Microsoft VS Code\bin;
USERNAME=cesar
OS=Windows_NT
PROCESSOR_IDENTIFIER=Intel64 Family 6 Model 94 Stepping 3, GenuineIntel



---------------  S Y S T E M  ---------------

OS: Windows 10.0 , 64 bit Build 16299 (10.0.16299.431)

CPU:total 8 (initial active 8) (4 cores per cpu, 2 threads per core) family 6 model 94 stepping 3, cmov, cx8, fxsr, mmx, sse, sse2, sse3, ssse3, sse4.1, sse4.2, popcnt, avx, avx2, aes, clmul, erms, rtm, 3dnowpref, lzcnt, ht, tsc, tscinvbit, bmi1, bmi2, adx

Memory: 4k page, physical 16647124k(4408304k free), swap 19880324k(3984k free)

vm_info: OpenJDK 64-Bit Server VM (25.152-b02) for windows-amd64 JRE (1.8.0_152-release-1024-b02), built by "builder" with MS VC++ 10.0 (VS2010)

time: Mon Jul 02 00:38:58 2018
elapsed time: 11 seconds (0d 0h 0m 11s)

